<?xml version="1.0" encoding="UTF-8"?>
<!-- Generated by org.testng.reporters.JUnitReportReporter -->
<testsuite hostname="HP" failures="0" tests="1" name="com.ajio.kidsTest.BookKidsClothsTest" time="40.998" errors="0" timestamp="2022-05-30T14:15:11 IST" skipped="0">
  <testcase classname="com.ajio.kidsTest.BookKidsClothsTest" name="bookKidsClothsTest" time="40.998"/>
  <system-out/>
</testsuite> <!-- com.ajio.kidsTest.BookKidsClothsTest -->
